#
# A fatal error has been detected by the Java Runtime Environment:
#
#  SIGBUS (0x7) at pc=0x00007f13a52480d2, pid=13078, tid=139721509889792
#
# JRE version: 7.0_25-b30
# Java VM: OpenJDK 64-Bit Server VM (23.7-b01 mixed mode linux-amd64 compressed oops)
# Problematic frame:
# C  [libzip.so+0x50d2]  Java_java_util_zip_ZipFile_getZipMessage+0x1132
#
# Failed to write core dump. Core dumps have been disabled. To enable core dumping, try "ulimit -c unlimited" before starting Java again
#
# If you would like to submit a bug report, please include
# instructions on how to reproduce the bug and visit:
#   https://bugs.launchpad.net/ubuntu/+source/openjdk-7/
# The crash happened outside the Java Virtual Machine in native code.
# See problematic frame for where to report the bug.
#

---------------  T H R E A D  ---------------

Current thread (0x00007f136c01c800):  JavaThread "qtp1121424850-41" [_thread_in_native, id=3883, stack(0x00007f1372e6e000,0x00007f1372f6f000)]

siginfo:si_signo=SIGBUS: si_errno=0, si_code=2 (BUS_ADRERR), si_addr=0x00007f13a41c0e25

Registers:
RAX=0x00007f13680a76c0, RBX=0x00007f13680a76c0, RCX=0x00007f1368000040, RDX=0x00007f1368000020
RSP=0x00007f1372f6b6b0, RBP=0x00007f1372f6b700, RSI=0x00007f1368000038, RDI=0x0000000000000003
R8 =0x00007f13680a7660, R9 =0x0000000000008367, R10=0x00007f139d088738, R11=0x00000000ee2c8328
R12=0x00007f13a0157a30, R13=0x00007f13a41c0e08, R14=0x00007f1372f6b770, R15=0x0000000000000013
RIP=0x00007f13a52480d2, EFLAGS=0x0000000000010202, CSGSFS=0x000000000000e033, ERR=0x0000000000000004
  TRAPNO=0x000000000000000e

Top of Stack: (sp=0x00007f1372f6b6b0)
0x00007f1372f6b6b0:   00007f1372f6b6e0 00000000a718dcf9
0x00007f1372f6b6c0:   00007f136c01c800 00007f1372f6b770
0x00007f1372f6b6d0:   00007f13a0157a30 00007f13a0182978
0x00007f1372f6b6e0:   00007f13a0157a30 00000000ab04d0c0
0x00007f1372f6b6f0:   00007f1372f6b770 0000000000000013
0x00007f1372f6b700:   00007f1372f6b750 00007f13a5248de3
0x00007f1372f6b710:   00007f136c01c800 00007f132c0020d0
0x00007f1372f6b720:   00007f1372f6b750 00007f1372f6b770
0x00007f1372f6b730:   00007f136c01c9d8 0000000000000013
0x00007f1372f6b740:   00007f1372f6bbc8 00007f1372f6b770
0x00007f1372f6b750:   00007f1372f6bbb0 00007f13a5246a64
0x00007f1372f6b760:   01000000eeb1a070 00007f13a0157a30
0x00007f1372f6b770:   632f63696c627570 2e6e69616d2f7373
0x00007f1372f6b780:   0000000000737363 0000000000000000
0x00007f1372f6b790:   0000000000000000 0000000000000000
0x00007f1372f6b7a0:   f0de09d8f5f3c938 00000000f85f2500
0x00007f1372f6b7b0:   00000000f0de09d8 00007f139d05e5c5
0x00007f1372f6b7c0:   00000000eeb1a448 00000000ffffffe9
0x00007f1372f6b7d0:   00000000f0c93780 00007f13a723681f
0x00007f1372f6b7e0:   00000000f86491f0 00007f1300000000
0x00007f1372f6b7f0:   00007f1372f6c340 00007f1300000000
0x00007f1372f6b800:   00007f1300000000 00007f1300000000
0x00007f1372f6b810:   00007f1300000000 00007f1300000000
0x00007f1372f6b820:   00007f1372f6c2e0 00007f13a71b39b7
0x00007f1372f6b830:   00007f1372f6b968 00007f1300000008
0x00007f1372f6b840:   00007f136c00dfa8 00007f1300000000
0x00007f1372f6b850:   00007f1300000000 00007f1372f6c3b0
0x00007f1372f6b860:   00007f1372f6c3b0 00007f136c00db90
0x00007f1372f6b870:   00007f13f8438c48 00007f1300000000
0x00007f1372f6b880:   00007f136c00dfa8 00007f1300000000
0x00007f1372f6b890:   00007f1300000000 00007f13a723681f
0x00007f1372f6b8a0:   00007f1372f6c3f0 00007f1372f6c400 

Instructions: (pc=0x00007f13a52480d2)
0x00007f13a52480b2:   41 8b 74 24 48 b9 a0 00 00 00 49 8b 7c 24 10 e8
0x00007f13a52480c2:   8a fe ff ff 49 89 c5 4d 85 ed 0f 84 7e 03 00 00
0x00007f13a52480d2:   41 0f b6 55 1d 41 0f b6 45 1c 41 0f b6 4d 0d 41
0x00007f13a52480e2:   0f b6 75 0e 45 0f b6 7d 1f c1 e2 08 09 c2 41 0f 

Register to memory mapping:

RAX=0x00007f13680a76c0 is an unknown value
RBX=0x00007f13680a76c0 is an unknown value
RCX=0x00007f1368000040 is an unknown value
RDX=0x00007f1368000020 is an unknown value
RSP=0x00007f1372f6b6b0 is pointing into the stack for thread: 0x00007f136c01c800
RBP=0x00007f1372f6b700 is pointing into the stack for thread: 0x00007f136c01c800
RSI=0x00007f1368000038 is an unknown value
RDI=0x0000000000000003 is an unknown value
R8 =0x00007f13680a7660 is an unknown value
R9 =0x0000000000008367 is an unknown value
R10=0x00007f139d088550 [CodeBlob (0x00007f139d088550)]
Framesize: 10
R11=