#
# A fatal error has been detected by the Java Runtime Environment:
#
#  SIGBUS (0x7) at pc=0x00007f946af7d0d2, pid=9415, tid=140274701416192
#
# JRE version: 7.0_25-b30
# Java VM: OpenJDK 64-Bit Server VM (23.7-b01 mixed mode linux-amd64 compressed oops)
# Problematic frame:
# C  [libzip.so+0x50d2]  Java_java_util_zip_ZipFile_getZipMessage+0x1132
#
# Failed to write core dump. Core dumps have been disabled. To enable core dumping, try "ulimit -c unlimited" before starting Java again
#
# If you would like to submit a bug report, please include
# instructions on how to reproduce the bug and visit:
#   https://bugs.launchpad.net/ubuntu/+source/openjdk-7/
# The crash happened outside the Java Virtual Machine in native code.
# See problematic frame for where to report the bug.
#

---------------  T H R E A D  ---------------

Current thread (0x00007f946ca00800):  JavaThread "qtp1513411025-17" [_thread_in_native, id=9478, stack(0x00007f943fafb000,0x00007f943fbfc000)]

siginfo:si_signo=SIGBUS: si_errno=0, si_code=2 (BUS_ADRERR), si_addr=0x00007f946711a5c6

Registers:
RAX=0x00007f942000d090, RBX=0x00007f942000d090, RCX=0x00007f9420000040, RDX=0x00007f9420000020
RSP=0x00007f943fbf8340, RBP=0x00007f943fbf8390, RSI=0x00007f9420000038, RDI=0x0000000000000003
R8 =0x00007f942000ce30, R9 =0x00000000000024ce, R10=0x00007f9467fef4f8, R11=0x00000000ee9bf828
R12=0x00007f946c15ee10, R13=0x00007f946711a5a9, R14=0x00007f943fbf8400, R15=0x000000000000001a
RIP=0x00007f946af7d0d2, EFLAGS=0x0000000000010206, CSGSFS=0xcae000000000e033, ERR=0x0000000000000004
  TRAPNO=0x000000000000000e

Top of Stack: (sp=0x00007f943fbf8340)
0x00007f943fbf8340:   00007f943fbf8370 0000000070effcf9
0x00007f943fbf8350:   00007f946ca00800 00007f943fbf8400
0x00007f943fbf8360:   00007f946c15ee10 00007f946c16df20
0x00007f943fbf8370:   00007f946c15ee10 000000008a438d0a
0x00007f943fbf8380:   00007f943fbf8400 000000000000001a
0x00007f943fbf8390:   00007f943fbf83e0 00007f946af7dde3
0x00007f943fbf83a0:   00007f946ca00800 00007f9428008e00
0x00007f943fbf83b0:   00007f943fbf83e0 00007f943fbf8400
0x00007f943fbf83c0:   00007f946ca009d8 000000000000001a
0x00007f943fbf83d0:   00007f943fbf8858 00007f943fbf8400
0x00007f943fbf83e0:   00007f943fbf8840 00007f946af7ba64
0x00007f943fbf83f0:   0100000000000000 00007f946c15ee10
0x00007f943fbf8400:   6a2f63696c627570 6c65625f44442f73
0x00007f943fbf8410:   2e474e5064657461 000000000000736a
0x00007f943fbf8420:   00007f9400000000 00007f9400000000
0x00007f943fbf8430:   0000000000000000 00007f94f77e7d68
0x00007f943fbf8440:   0000000000000000 0000000000000000
0x00007f943fbf8450:   0000000000000000 0000000000000000
0x00007f943fbf8460:   00007f9400000000 00007f94f77e4788
0x00007f943fbf8470:   00007f9400000000 0000000000000000
0x00007f943fbf8480:   0000000000000000 00007f9467f7e275
0x00007f943fbf8490:   00007f9400000000 0000000000000000
0x00007f943fbf84a0:   00007f9400000000 00000000f5bbdf20
0x00007f943fbf84b0:   00007f943fbf84b0 0000000000000000
0x00007f943fbf84c0:   00007f9400000000 0000000000000000
0x00007f943fbf84d0:   0000000000000000 0000000000000000
0x00007f943fbf84e0:   00000000f781f7d0 00007f9400000000
0x00007f943fbf84f0:   00007f9400000000 00007f9400002288
0x00007f943fbf8500:   0000000000000000 0000000000000000
0x00007f943fbf8510:   0000000000000000 00007f94f77e4788
0x00007f943fbf8520:   0000000000000000 00007f9400000000
0x00007f943fbf8530:   0000000000000000 0000000000000000 

Instructions: (pc=0x00007f946af7d0d2)
0x00007f946af7d0b2:   41 8b 74 24 48 b9 a0 00 00 00 49 8b 7c 24 10 e8
0x00007f946af7d0c2:   8a fe ff ff 49 89 c5 4d 85 ed 0f 84 7e 03 00 00
0x00007f946af7d0d2:   41 0f b6 55 1d 41 0f b6 45 1c 41 0f b6 4d 0d 41
0x00007f946af7d0e2:   0f b6 75 0e 45 0f b6 7d 1f c1 e2 08 09 c2 41 0f 

Register to memory mapping:

RAX=0x00007f942000d090 is an unknown value
RBX=0x00007f942000d090 is an unknown value
RCX=0x00007f9420000040 is an unknown value
RDX=0x00007f9420000020 is an unknown value
RSP=0x00007f943fbf8340 is pointing into the stack for thread: 0x00007f946ca00800
RBP=0x00007f943fbf8390 is pointing into the stack for thread: 0x00007f946ca00800
RSI=0x00007f9420000038 is an unknown value
RDI=0x0000000000000003 is an unknown value
R8 =0x00007f942000ce30 is an unknown value
R9 =0x00000000000024ce is an unknown value
R10=0x00007f9467fef310 [CodeBlob (0x00007f9467fef310)]
Framesize: 10
R11=